2018-05-26 17:17:16.414  INFO 57759 --- [main] c.e.e.EnergyAnalysisApplication          : Starting EnergyAnalysisApplication on MBPdeJeebastien with PID 57759 (/Users/jscreve/Documents/Development/IdeaProjects/energy-analysis/target/classes started by jscreve in /Users/jscreve/Documents/Development/IdeaProjects/energy-analysis)
2018-05-26 17:17:16.435  INFO 57759 --- [main] c.e.e.EnergyAnalysisApplication          : The following profiles are active: dev
2018-05-26 17:17:16.889  INFO 57759 --- [main] ConfigServletWebServerApplicationContext : Refreshing org.springframework.boot.web.servlet.context.AnnotationConfigServletWebServerApplicationContext@2dca0d64: startup date [Sat May 26 17:17:16 CEST 2018]; root of context hierarchy
2018-05-26 17:17:19.472  INFO 57759 --- [main] o.s.b.f.s.DefaultListableBeanFactory     : Overriding bean definition for bean 'bCryptPasswordEncoder' with a different definition: replacing [Root bean: class [null]; scope=; abstract=false; lazyInit=false; autowireMode=3; dependencyCheck=0; autowireCandidate=true; primary=false; factoryBeanName=paymentController; factoryMethodName=bCryptPasswordEncoder; initMethodName=null; destroyMethodName=(inferred); defined in class path resource [com/enrsolidr/energyanalysis/web/PaymentController.class]] with [Root bean: class [null]; scope=; abstract=false; lazyInit=false; autowireMode=3; dependencyCheck=0; autowireCandidate=true; primary=false; factoryBeanName=energyAnalysisApplication; factoryMethodName=bCryptPasswordEncoder; initMethodName=null; destroyMethodName=(inferred); defined in com.enrsolidr.energyanalysis.EnergyAnalysisApplication]
2018-05-26 17:17:19.905  INFO 57759 --- [main] .s.d.r.c.RepositoryConfigurationDelegate : Multiple Spring Data modules found, entering strict repository configuration mode!
2018-05-26 17:17:20.000  INFO 57759 --- [main] .RepositoryConfigurationExtensionSupport : Spring Data JPA - Could not safely identify store assignment for repository candidate interface com.enrsolidr.energyanalysis.repository.EnergyUsageRepository.
2018-05-26 17:17:20.008  INFO 57759 --- [main] .RepositoryConfigurationExtensionSupport : Spring Data JPA - Could not safely identify store assignment for repository candidate interface com.enrsolidr.energyanalysis.repository.MemberRepository.
2018-05-26 17:17:20.013  INFO 57759 --- [main] .RepositoryConfigurationExtensionSupport : Spring Data JPA - Could not safely identify store assignment for repository candidate interface com.enrsolidr.energyanalysis.repository.PaymentRepository.
2018-05-26 17:17:20.031  INFO 57759 --- [main] .s.d.r.c.RepositoryConfigurationDelegate : Multiple Spring Data modules found, entering strict repository configuration mode!
2018-05-26 17:17:21.380  INFO 57759 --- [main] trationDelegate$BeanPostProcessorChecker : Bean 'org.springframework.transaction.annotation.ProxyTransactionManagementConfiguration' of type [org.springframework.transaction.annotation.ProxyTransactionManagementConfiguration$$EnhancerBySpringCGLIB$$32be29bf] is not eligible for getting processed by all BeanPostProcessors (for example: not eligible for auto-proxying)
2018-05-26 17:17:22.088  INFO 57759 --- [main] o.s.b.w.embedded.tomcat.TomcatWebServer  : Tomcat initialized with port(s): 8761 (http)
2018-05-26 17:17:22.150  INFO 57759 --- [main] o.apache.catalina.core.StandardService   : Starting service [Tomcat]
2018-05-26 17:17:22.151  INFO 57759 --- [main] org.apache.catalina.core.StandardEngine  : Starting Servlet Engine: Apache Tomcat/8.5.28
2018-05-26 17:17:22.161  INFO 57759 --- [localhost-startStop-1] o.a.catalina.core.AprLifecycleListener   : The APR based Apache Tomcat Native library which allows optimal performance in production environments was not found on the java.library.path: [/Users/jscreve/Library/Java/Extensions:/Library/Java/Extensions:/Network/Library/Java/Extensions:/System/Library/Java/Extensions:/usr/lib/java:.]
2018-05-26 17:17:22.478  INFO 57759 --- [localhost-startStop-1] o.a.c.c.C.[Tomcat].[localhost].[/]       : Initializing Spring embedded WebApplicationContext
2018-05-26 17:17:22.479  INFO 57759 --- [localhost-startStop-1] o.s.web.context.ContextLoader            : Root WebApplicationContext: initialization completed in 5591 ms
2018-05-26 17:17:22.944  INFO 57759 --- [localhost-startStop-1] o.s.b.w.servlet.FilterRegistrationBean   : Mapping filter: 'characterEncodingFilter' to: [/*]
2018-05-26 17:17:22.946  INFO 57759 --- [localhost-startStop-1] .s.DelegatingFilterProxyRegistrationBean : Mapping filter: 'springSecurityFilterChain' to: [/*]
2018-05-26 17:17:22.947  INFO 57759 --- [localhost-startStop-1] o.s.b.w.servlet.ServletRegistrationBean  : Servlet dispatcherServlet mapped to [/]
2018-05-26 17:17:23.360  INFO 57759 --- [main] com.zaxxer.hikari.HikariDataSource       : HikariPool-1 - Starting...
2018-05-26 17:17:23.845  INFO 57759 --- [main] com.zaxxer.hikari.HikariDataSource       : HikariPool-1 - Start completed.
2018-05-26 17:17:24.006  INFO 57759 --- [main] j.LocalContainerEntityManagerFactoryBean : Building JPA container EntityManagerFactory for persistence unit 'default'
2018-05-26 17:17:24.034  INFO 57759 --- [main] o.hibernate.jpa.internal.util.LogHelper  : HHH000204: Processing PersistenceUnitInfo [
	name: default
	...]
2018-05-26 17:17:24.358  INFO 57759 --- [main] org.hibernate.Version                    : HHH000412: Hibernate Core {5.2.14.Final}
2018-05-26 17:17:24.364  INFO 57759 --- [main] org.hibernate.cfg.Environment            : HHH000206: hibernate.properties not found
2018-05-26 17:17:24.483  INFO 57759 --- [main] o.hibernate.annotations.common.Version   : HCANN000001: Hibernate Commons Annotations {5.0.1.Final}
2018-05-26 17:17:24.838  INFO 57759 --- [main] org.hibernate.dialect.Dialect            : HHH000400: Using dialect: org.hibernate.dialect.H2Dialect
2018-05-26 17:17:25.346  INFO 57759 --- [main] o.h.t.schema.internal.SchemaCreatorImpl  : HHH000476: Executing import script 'org.hibernate.tool.schema.internal.exec.ScriptSourceInputNonExistentImpl@77896335'
2018-05-26 17:17:25.354  INFO 57759 --- [main] j.LocalContainerEntityManagerFactoryBean : Initialized JPA EntityManagerFactory for persistence unit 'default'
2018-05-26 17:17:28.737  INFO 57759 --- [Thread-34] o.s.b.a.mongo.embedded.EmbeddedMongo     : note: noprealloc may hurt performance in many applications
2018-05-26 17:17:28.765  INFO 57759 --- [Thread-34] o.s.b.a.mongo.embedded.EmbeddedMongo     : 2018-05-26T17:17:28.764+0200 I CONTROL  [initandlisten] MongoDB starting : pid=57765 port=27018 dbpath=/var/folders/q8/64yvt0d52r99chn750mwm9700000gn/T/embedmongo-db-a4dde372-26e6-4ecc-90f7-b6c58a56d0cb 64-bit host=MBPdeJeebastien
2018-05-26 17:17:28.766  INFO 57759 --- [Thread-34] o.s.b.a.mongo.embedded.EmbeddedMongo     : 2018-05-26T17:17:28.765+0200 I CONTROL  [initandlisten] db version v3.2.2
2018-05-26 17:17:28.766  INFO 57759 --- [Thread-34] o.s.b.a.mongo.embedded.EmbeddedMongo     : 2018-05-26T17:17:28.765+0200 I CONTROL  [initandlisten] git version: 6e71d0d568e134c029203593b00a0103e7cdf30b
2018-05-26 17:17:28.766  INFO 57759 --- [Thread-34] o.s.b.a.mongo.embedded.EmbeddedMongo     : 2018-05-26T17:17:28.765+0200 I CONTROL  [initandlisten] allocator: system
2018-05-26 17:17:28.766  INFO 57759 --- [Thread-34] o.s.b.a.mongo.embedded.EmbeddedMongo     : 2018-05-26T17:17:28.765+0200 I CONTROL  [initandlisten] modules: none
2018-05-26 17:17:28.767  INFO 57759 --- [Thread-34] o.s.b.a.mongo.embedded.EmbeddedMongo     : 2018-05-26T17:17:28.765+0200 I CONTROL  [initandlisten] build environment:
2018-05-26 17:17:28.767  INFO 57759 --- [Thread-34] o.s.b.a.mongo.embedded.EmbeddedMongo     : 2018-05-26T17:17:28.765+0200 I CONTROL  [initandlisten]     distarch: x86_64
2018-05-26 17:17:28.767  INFO 57759 --- [Thread-34] o.s.b.a.mongo.embedded.EmbeddedMongo     : 2018-05-26T17:17:28.765+0200 I CONTROL  [initandlisten]     target_arch: x86_64
2018-05-26 17:17:28.768  INFO 57759 --- [Thread-34] o.s.b.a.mongo.embedded.EmbeddedMongo     : 2018-05-26T17:17:28.765+0200 I CONTROL  [initandlisten] options: { net: { bindIp: "127.0.0.1", http: { enabled: false }, port: 27018 }, security: { authorization: "disabled" }, storage: { dbPath: "/var/folders/q8/64yvt0d52r99chn750mwm9700000gn/T/embedmongo-db-a4dde372-26e6-4ecc-90f7-b6c58a56d0cb", journal: { enabled: false }, mmapv1: { preallocDataFiles: false, smallFiles: true }, syncPeriodSecs: 0.0 } }
2018-05-26 17:17:28.769  INFO 57759 --- [Thread-34] o.s.b.a.mongo.embedded.EmbeddedMongo     : 2018-05-26T17:17:28.768+0200 I STORAGE  [initandlisten] wiredtiger_open config: create,cache_size=4G,session_max=20000,eviction=(threads_max=4),config_base=false,statistics=(fast),log=(enabled=true,archive=true,path=journal,compressor=snappy),file_manager=(close_idle_time=100000),checkpoint=(wait=0,log_size=2GB),statistics_log=(wait=0),,log=(enabled=false),
2018-05-26 17:17:29.119  INFO 57759 --- [Thread-34] o.s.b.a.mongo.embedded.EmbeddedMongo     : 2018-05-26T17:17:29.119+0200 W STORAGE  [initandlisten] Detected configuration for non-active storage engine mmapv1 when current storage engine is wiredTiger
2018-05-26 17:17:29.150  INFO 57759 --- [Thread-34] o.s.b.a.mongo.embedded.EmbeddedMongo     : 2018-05-26T17:17:29.150+0200 I NETWORK  [HostnameCanonicalizationWorker] Starting hostname canonicalization worker
2018-05-26 17:17:29.151  INFO 57759 --- [Thread-34] o.s.b.a.mongo.embedded.EmbeddedMongo     : 2018-05-26T17:17:29.150+0200 I FTDC     [initandlisten] Initializing full-time diagnostic data capture with directory '/var/folders/q8/64yvt0d52r99chn750mwm9700000gn/T/embedmongo-db-a4dde372-26e6-4ecc-90f7-b6c58a56d0cb/diagnostic.data'
2018-05-26 17:17:29.267  INFO 57759 --- [Thread-34] o.s.b.a.mongo.embedded.EmbeddedMongo     : 2018-05-26T17:17:29.267+0200 I NETWORK  [initandlisten] waiting for connections on port 27018
2018-05-26 17:17:29.268  INFO 57759 --- [main] d.f.embed.process.runtime.Executable     : start de.flapdoodle.embed.mongo.config.MongodConfigBuilder$ImmutableMongodConfig@5844a2d1
2018-05-26 17:17:30.098  INFO 57759 --- [main] org.mongodb.driver.cluster               : Cluster created with settings {hosts=[localhost:27018], mode=MULTIPLE, requiredClusterType=UNKNOWN, serverSelectionTimeout='30000 ms', maxWaitQueueSize=500}
2018-05-26 17:17:30.099  INFO 57759 --- [main] org.mongodb.driver.cluster               : Adding discovered server localhost:27018 to client view of cluster
2018-05-26 17:17:30.224  INFO 57759 --- [Thread-34] o.s.b.a.mongo.embedded.EmbeddedMongo     : 2018-05-26T17:17:30.224+0200 I NETWORK  [initandlisten] connection accepted from 127.0.0.1:65514 #1 (1 connection now open)
2018-05-26 17:17:30.277  INFO 57759 --- [cluster-ClusterId{value='5b097a8abd0d18e19fb38637', description='null'}-localhost:27018] org.mongodb.driver.connection            : Opened connection [connectionId{localValue:1, serverValue:1}] to localhost:27018
2018-05-26 17:17:30.285  INFO 57759 --- [cluster-ClusterId{value='5b097a8abd0d18e19fb38637', description='null'}-localhost:27018] org.mongodb.driver.cluster               : Monitor thread successfully connected to server with description ServerDescription{address=localhost:27018, type=STANDALONE, state=CONNECTED, ok=true, version=ServerVersion{versionList=[3, 2, 2]}, minWireVersion=0, maxWireVersion=4, maxDocumentSize=16777216, logicalSessionTimeoutMinutes=null, roundTripTimeNanos=2699209}
2018-05-26 17:17:30.287  INFO 57759 --- [cluster-ClusterId{value='5b097a8abd0d18e19fb38637', description='null'}-localhost:27018] org.mongodb.driver.cluster               : Discovered cluster type of STANDALONE
2018-05-26 17:17:31.336  INFO 57759 --- [Thread-34] o.s.b.a.mongo.embedded.EmbeddedMongo     : 2018-05-26T17:17:31.336+0200 I NETWORK  [initandlisten] connection accepted from 127.0.0.1:65517 #2 (2 connections now open)
2018-05-26 17:17:31.342  INFO 57759 --- [main] org.mongodb.driver.connection            : Opened connection [connectionId{localValue:2, serverValue:2}] to localhost:27018
2018-05-26 17:17:31.535  INFO 57759 --- [Thread-34] o.s.b.a.mongo.embedded.EmbeddedMongo     : 2018-05-26T17:17:31.534+0200 I INDEX    [conn2] build index on: app1.member properties: { v: 1, unique: true, key: { username: 1 }, name: "username", ns: "app1.member" }
2018-05-26 17:17:31.535  INFO 57759 --- [Thread-34] o.s.b.a.mongo.embedded.EmbeddedMongo     : 2018-05-26T17:17:31.534+0200 I INDEX    [conn2] 	 building index using bulk method
2018-05-26 17:17:31.556  INFO 57759 --- [Thread-34] o.s.b.a.mongo.embedded.EmbeddedMongo     : 2018-05-26T17:17:31.556+0200 I INDEX    [conn2] build index done.  scanned 0 total records. 0 secs
2018-05-26 17:17:31.557  INFO 57759 --- [Thread-34] o.s.b.a.mongo.embedded.EmbeddedMongo     : 2018-05-26T17:17:31.556+0200 I COMMAND  [conn2] command app1.$cmd command: createIndexes { createIndexes: "member", indexes: [ { key: { username: 1 }, name: "username", ns: "app1.member", unique: true } ] } keyUpdates:0 writeConflicts:0 numYields:0 reslen:113 locks:{ Global: { acquireCount: { r: 1, w: 1 } }, Database: { acquireCount: { W: 1 } }, Collection: { acquireCount: { w: 1 } } } protocol:op_query 195ms
2018-05-26 17:17:34.059  WARN 57759 --- [main] aWebConfiguration$JpaWebMvcConfiguration : spring.jpa.open-in-view is enabled by default. Therefore, database queries may be performed during view rendering. Explicitly configure spring.jpa.open-in-view to disable this warning
2018-05-26 17:17:34.406  INFO 57759 --- [main] s.w.s.m.m.a.RequestMappingHandlerMapping : Mapped "{[/auth/generate-token],methods=[POST]}" onto public org.springframework.http.ResponseEntity com.enrsolidr.energyanalysis.web.AuthController.login(com.enrsolidr.energyanalysis.resources.LoginMemberResource)
2018-05-26 17:17:34.410  INFO 57759 --- [main] s.w.s.m.m.a.RequestMappingHandlerMapping : Mapped "{[/energy/usage],methods=[POST]}" onto public org.springframework.http.ResponseEntity<?> com.enrsolidr.energyanalysis.web.EnergyController.computeEnergyUsage(com.enrsolidr.energyanalysis.entity.EnergyUsage)
2018-05-26 17:17:34.413  INFO 57759 --- [main] s.w.s.m.m.a.RequestMappingHandlerMapping : Mapped "{[/mail/send],methods=[POST]}" onto public org.springframework.http.ResponseEntity<?> com.enrsolidr.energyanalysis.web.MailController.sendEmail(com.enrsolidr.energyanalysis.model.Email)
2018-05-26 17:17:34.417  INFO 57759 --- [main] s.w.s.m.m.a.RequestMappingHandlerMapping : Mapped "{[/members/remove/{username}],methods=[POST]}" onto public org.springframework.http.ResponseEntity<?> com.enrsolidr.energyanalysis.web.MemberController.remove(java.lang.String) throws java.lang.Exception
2018-05-26 17:17:34.420  INFO 57759 --- [main] s.w.s.m.m.a.RequestMappingHandlerMapping : Mapped "{[/members/update],methods=[POST]}" onto public org.springframework.http.ResponseEntity<?> com.enrsolidr.energyanalysis.web.MemberController.update(com.enrsolidr.energyanalysis.resources.InputMemberResource) throws java.lang.Exception
2018-05-26 17:17:34.421  INFO 57759 --- [main] s.w.s.m.m.a.RequestMappingHandlerMapping : Mapped "{[/members/sign-up],methods=[POST]}" onto public org.springframework.http.ResponseEntity<?> com.enrsolidr.energyanalysis.web.MemberController.signUp(com.enrsolidr.energyanalysis.resources.SignUpResource) throws java.lang.Exception
2018-05-26 17:17:34.423  INFO 57759 --- [main] s.w.s.m.m.a.RequestMappingHandlerMapping : Mapped "{[/members/fetch],methods=[GET]}" onto public org.springframework.http.ResponseEntity<com.enrsolidr.energyanalysis.resources.OutputMemberResource> com.enrsolidr.energyanalysis.web.MemberController.fetch()
2018-05-26 17:17:34.423  INFO 57759 --- [main] s.w.s.m.m.a.RequestMappingHandlerMapping : Mapped "{[/members/fetchAllMemberAndPayments],methods=[GET]}" onto public org.springframework.http.ResponseEntity<java.util.List<com.enrsolidr.energyanalysis.resources.MemberAndPaymentsResource>> com.enrsolidr.energyanalysis.web.MemberController.fetchAll()
2018-05-26 17:17:34.428  INFO 57759 --- [main] s.w.s.m.m.a.RequestMappingHandlerMapping : Mapped "{[/payment/charge],methods=[POST]}" onto public org.springframework.http.ResponseEntity<com.stripe.model.Charge> com.enrsolidr.energyanalysis.web.PaymentController.chargeCard(com.enrsolidr.energyanalysis.resources.PaymentResource) throws java.lang.Exception
2018-05-26 17:17:34.429  INFO 57759 --- [main] s.w.s.m.m.a.RequestMappingHandlerMapping : Mapped "{[/payment/fetch],methods=[GET]}" onto public org.springframework.http.ResponseEntity<java.util.List<com.enrsolidr.energyanalysis.resources.OutputPaymentResource>> com.enrsolidr.energyanalysis.web.PaymentController.fetchAll()
2018-05-26 17:17:34.430  INFO 57759 --- [main] s.w.s.m.m.a.RequestMappingHandlerMapping : Mapped "{[/payment/charge/member],methods=[POST]}" onto public org.springframework.http.ResponseEntity<com.stripe.model.Charge> com.enrsolidr.energyanalysis.web.PaymentController.chargeExistingMember(com.enrsolidr.energyanalysis.resources.SimplePaymentResource) throws java.lang.Exception
2018-05-26 17:17:34.431  INFO 57759 --- [main] s.w.s.m.m.a.RequestMappingHandlerMapping : Mapped "{[/payment/charge/newmember],methods=[POST]}" onto public org.springframework.http.ResponseEntity<com.stripe.model.Charge> com.enrsolidr.energyanalysis.web.PaymentController.chargeNewMember(com.enrsolidr.energyanalysis.resources.PaymentResource) throws java.lang.Exception
2018-05-26 17:17:34.433  INFO 57759 --- [main] s.w.s.m.m.a.RequestMappingHandlerMapping : Mapped "{[/payment/receipt],methods=[GET]}" onto public org.springframework.http.ResponseEntity<?> com.enrsolidr.energyanalysis.web.PaymentController.generateReceipt(java.lang.String) throws java.lang.Exception
2018-05-26 17:17:34.444  INFO 57759 --- [main] s.w.s.m.m.a.RequestMappingHandlerMapping : Mapped "{[/error]}" onto public org.springframework.http.ResponseEntity<java.util.Map<java.lang.String, java.lang.Object>> org.springframework.boot.autoconfigure.web.servlet.error.BasicErrorController.error(javax.servlet.http.HttpServletRequest)
2018-05-26 17:17:34.445  INFO 57759 --- [main] s.w.s.m.m.a.RequestMappingHandlerMapping : Mapped "{[/error],produces=[text/html]}" onto public org.springframework.web.servlet.ModelAndView org.springframework.boot.autoconfigure.web.servlet.error.BasicErrorController.errorHtml(javax.servlet.http.HttpServletRequest,javax.servlet.http.HttpServletResponse)
2018-05-26 17:17:34.976  INFO 57759 --- [main] s.w.s.m.m.a.RequestMappingHandlerAdapter : Looking for @ControllerAdvice: org.springframework.boot.web.servlet.context.AnnotationConfigServletWebServerApplicationContext@2dca0d64: startup date [Sat May 26 17:17:16 CEST 2018]; root of context hierarchy
2018-05-26 17:17:36.044  INFO 57759 --- [main] o.s.s.web.DefaultSecurityFilterChain     : Creating filter chain: org.springframework.security.web.util.matcher.AnyRequestMatcher@1, [org.springframework.security.web.context.request.async.WebAsyncManagerIntegrationFilter@2d2a8819, org.springframework.security.web.context.SecurityContextPersistenceFilter@76ed7573, org.springframework.security.web.header.HeaderWriterFilter@6614289a, org.springframework.web.filter.CorsFilter@72585e83, org.springframework.security.web.authentication.logout.LogoutFilter@432f4626, com.enrsolidr.energyanalysis.filter.JWTAuthorizationFilter@6b64bf61, org.springframework.security.web.savedrequest.RequestCacheAwareFilter@517bdce0, org.springframework.security.web.servletapi.SecurityContextHolderAwareRequestFilter@22002459, org.springframework.security.web.authentication.AnonymousAuthenticationFilter@1d5bb5c, org.springframework.security.web.session.SessionManagementFilter@32e65852, org.springframework.security.web.access.ExceptionTranslationFilter@670c171c, org.springframework.security.web.access.intercept.FilterSecurityInterceptor@12270a01]
2018-05-26 17:17:37.818  INFO 57759 --- [main] o.s.j.e.a.AnnotationMBeanExporter        : Registering beans for JMX exposure on startup
2018-05-26 17:17:37.834  INFO 57759 --- [main] o.s.j.e.a.AnnotationMBeanExporter        : Bean with name 'dataSource' has been autodetected for JMX exposure
2018-05-26 17:17:37.908  INFO 57759 --- [main] o.s.j.e.a.AnnotationMBeanExporter        : Located MBean 'dataSource': registering with JMX server as MBean [com.zaxxer.hikari:name=dataSource,type=HikariDataSource]
2018-05-26 17:17:37.966  INFO 57759 --- [main] s.a.ScheduledAnnotationBeanPostProcessor : No TaskScheduler/ScheduledExecutorService bean found for scheduled processing
2018-05-26 17:17:38.188  INFO 57759 --- [main] o.s.b.w.embedded.tomcat.TomcatWebServer  : Tomcat started on port(s): 8761 (http) with context path ''
2018-05-26 17:17:38.196  INFO 57759 --- [main] c.e.e.EnergyAnalysisApplication          : Started EnergyAnalysisApplication in 24.402 seconds (JVM running for 29.589)
2018-05-26 17:17:57.041  INFO 57759 --- [http-nio-8761-exec-1] o.a.c.c.C.[Tomcat].[localhost].[/]       : Initializing Spring FrameworkServlet 'dispatcherServlet'
2018-05-26 17:17:57.043  INFO 57759 --- [http-nio-8761-exec-1] o.s.web.servlet.DispatcherServlet        : FrameworkServlet 'dispatcherServlet': initialization started
2018-05-26 17:17:57.102  INFO 57759 --- [http-nio-8761-exec-1] o.s.web.servlet.DispatcherServlet        : FrameworkServlet 'dispatcherServlet': initialization completed in 58 ms
2018-05-26 17:17:57.706  INFO 57759 --- [http-nio-8761-exec-1] c.e.energyanalysis.web.MemberController  : Get member : {}
2018-05-26 17:20:19.360  INFO 57759 --- [http-nio-8761-exec-2] c.e.energyanalysis.web.MemberController  : Get member : {}
2018-05-26 17:21:07.555  INFO 57759 --- [Thread-34] o.s.b.a.mongo.embedded.EmbeddedMongo     : 2018-05-26T17:21:07.555+0200 I COMMAND  [conn2] command app1.payment command: insert { insert: "payment", ordered: true, documents: [ { _id: ObjectId('5b097b63bd0d18e19fb38639'), transactionType: "ADHESION", user: { last_name: "Js", names: "Screve", email: "jscreve@gmail.com", phone: "0628337914", address: { street: "33 rue du Bastion Saint André", postalCode: "59000", city: "LILLE", country: "France" } }, amount: 3000, token: "tok_1CW4CYJvRSx4v7U2FbLwqiV8", paymentDate: new Date(1527348065358), _class: "com.enrsolidr.energyanalysis.entity.Payment" } ] } ninserted:1 keyUpdates:0 writeConflicts:0 numYields:0 reslen:40 locks:{ Global: { acquireCount: { r: 2, w: 2 } }, Database: { acquireCount: { w: 1, W: 1 } }, Collection: { acquireCount: { w: 1, W: 1 } } } protocol:op_query 124ms
2018-05-26 17:21:22.172  INFO 57759 --- [http-nio-8761-exec-4] c.e.energyanalysis.web.MemberController  : Get member : {}
2018-05-26 17:22:58.544  INFO 57759 --- [http-nio-8761-exec-8] c.e.energyanalysis.web.MemberController  : Update member : {}
2018-05-26 17:24:28.921  INFO 57759 --- [http-nio-8761-exec-9] c.e.energyanalysis.web.MemberController  : Get member : {}
2018-05-26 17:25:18.990  INFO 57759 --- [http-nio-8761-exec-10] c.e.energyanalysis.web.MemberController  : Update member : {}
2018-05-26 17:25:44.327  INFO 57759 --- [http-nio-8761-exec-1] c.e.energyanalysis.web.MemberController  : Get member : {}
2018-05-26 17:25:47.090 ERROR 57759 --- [pool-2-thread-1] c.e.e.services.LinkyScheduleService      : Error occured fetching energy use for member : jscreve

org.springframework.web.client.HttpClientErrorException: 403 Forbidden
	at org.springframework.web.client.DefaultResponseErrorHandler.handleError(DefaultResponseErrorHandler.java:94)
	at org.springframework.web.client.DefaultResponseErrorHandler.handleError(DefaultResponseErrorHandler.java:79)
	at org.springframework.web.client.ResponseErrorHandler.handleError(ResponseErrorHandler.java:63)
	at org.springframework.web.client.RestTemplate.handleResponse(RestTemplate.java:777)
	at org.springframework.web.client.RestTemplate.doExecute(RestTemplate.java:730)
	at com.enrsolidr.energyanalysis.util.RestTemplateWithCookies.doExecute(RestTemplateWithCookies.java:63)
	at org.springframework.web.client.RestTemplate.execute(RestTemplate.java:704)
	at org.springframework.web.client.RestTemplate.postForEntity(RestTemplate.java:486)
	at com.enrsolidr.energyanalysis.services.LinkyDataService.getData(LinkyDataService.java:80)
	at com.enrsolidr.energyanalysis.services.LinkyComputeService.computePreviousDayEnergyUse(LinkyComputeService.java:47)
	at com.enrsolidr.energyanalysis.services.LinkyComputeService.computePreviousDayEnergyUse(LinkyComputeService.java:37)
	at com.enrsolidr.energyanalysis.services.LinkyScheduleService.computeEnergyUsage(LinkyScheduleService.java:36)
	at sun.reflect.NativeMethodAccessorImpl.invoke0(Native Method)
	at sun.reflect.NativeMethodAccessorImpl.invoke(NativeMethodAccessorImpl.java:62)
	at sun.reflect.DelegatingMethodAccessorImpl.invoke(DelegatingMethodAccessorImpl.java:43)
	at java.lang.reflect.Method.invoke(Method.java:498)
	at org.springframework.scheduling.support.ScheduledMethodRunnable.run(ScheduledMethodRunnable.java:65)
	at org.springframework.scheduling.support.DelegatingErrorHandlingRunnable.run(DelegatingErrorHandlingRunnable.java:54)
	at org.springframework.scheduling.concurrent.ReschedulingRunnable.run(ReschedulingRunnable.java:93)
	at java.util.concurrent.Executors$RunnableAdapter.call(Executors.java:511)
	at java.util.concurrent.FutureTask.run$$$capture(FutureTask.java:266)
	at java.util.concurrent.FutureTask.run(FutureTask.java)
	at java.util.concurrent.ScheduledThreadPoolExecutor$ScheduledFutureTask.access$201(ScheduledThreadPoolExecutor.java:180)
	at java.util.concurrent.ScheduledThreadPoolExecutor$ScheduledFutureTask.run(ScheduledThreadPoolExecutor.java:293)
	at java.util.concurrent.ThreadPoolExecutor.runWorker(ThreadPoolExecutor.java:1142)
	at java.util.concurrent.ThreadPoolExecutor$Worker.run(ThreadPoolExecutor.java:617)
	at java.lang.Thread.run(Thread.java:745)

2018-05-26 17:26:17.492 ERROR 57759 --- [pool-2-thread-1] c.e.e.services.LinkyScheduleService      : Error occured fetching energy use for member : jscreve

org.springframework.web.client.HttpClientErrorException: 403 Forbidden
	at org.springframework.web.client.DefaultResponseErrorHandler.handleError(DefaultResponseErrorHandler.java:94)
	at org.springframework.web.client.DefaultResponseErrorHandler.handleError(DefaultResponseErrorHandler.java:79)
	at org.springframework.web.client.ResponseErrorHandler.handleError(ResponseErrorHandler.java:63)
	at org.springframework.web.client.RestTemplate.handleResponse(RestTemplate.java:777)
	at org.springframework.web.client.RestTemplate.doExecute(RestTemplate.java:730)
	at com.enrsolidr.energyanalysis.util.RestTemplateWithCookies.doExecute(RestTemplateWithCookies.java:63)
	at org.springframework.web.client.RestTemplate.execute(RestTemplate.java:704)
	at org.springframework.web.client.RestTemplate.postForEntity(RestTemplate.java:486)
	at com.enrsolidr.energyanalysis.services.LinkyDataService.getData(LinkyDataService.java:80)
	at com.enrsolidr.energyanalysis.services.LinkyComputeService.computePreviousDayEnergyUse(LinkyComputeService.java:47)
	at com.enrsolidr.energyanalysis.services.LinkyComputeService.computePreviousDayEnergyUse(LinkyComputeService.java:37)
	at com.enrsolidr.energyanalysis.services.LinkyScheduleService.computeEnergyUsage(LinkyScheduleService.java:36)
	at sun.reflect.GeneratedMethodAccessor62.invoke(Unknown Source)
	at sun.reflect.DelegatingMethodAccessorImpl.invoke(DelegatingMethodAccessorImpl.java:43)
	at java.lang.reflect.Method.invoke(Method.java:498)
	at org.springframework.scheduling.support.ScheduledMethodRunnable.run(ScheduledMethodRunnable.java:65)
	at org.springframework.scheduling.support.DelegatingErrorHandlingRunnable.run(DelegatingErrorHandlingRunnable.java:54)
	at org.springframework.scheduling.concurrent.ReschedulingRunnable.run(ReschedulingRunnable.java:93)
	at java.util.concurrent.Executors$RunnableAdapter.call(Executors.java:511)
	at java.util.concurrent.FutureTask.run$$$capture(FutureTask.java:266)
	at java.util.concurrent.FutureTask.run(FutureTask.java)
	at java.util.concurrent.ScheduledThreadPoolExecutor$ScheduledFutureTask.access$201(ScheduledThreadPoolExecutor.java:180)
	at java.util.concurrent.ScheduledThreadPoolExecutor$ScheduledFutureTask.run(ScheduledThreadPoolExecutor.java:293)
	at java.util.concurrent.ThreadPoolExecutor.runWorker(ThreadPoolExecutor.java:1142)
	at java.util.concurrent.ThreadPoolExecutor$Worker.run(ThreadPoolExecutor.java:617)
	at java.lang.Thread.run(Thread.java:745)

2018-05-26 17:26:50.133 ERROR 57759 --- [pool-2-thread-1] c.e.e.services.LinkyScheduleService      : Error occured fetching energy use for member : jscreve

org.springframework.web.client.HttpClientErrorException: 403 Forbidden
	at org.springframework.web.client.DefaultResponseErrorHandler.handleError(DefaultResponseErrorHandler.java:94)
	at org.springframework.web.client.DefaultResponseErrorHandler.handleError(DefaultResponseErrorHandler.java:79)
	at org.springframework.web.client.ResponseErrorHandler.handleError(ResponseErrorHandler.java:63)
	at org.springframework.web.client.RestTemplate.handleResponse(RestTemplate.java:777)
	at org.springframework.web.client.RestTemplate.doExecute(RestTemplate.java:730)
	at com.enrsolidr.energyanalysis.util.RestTemplateWithCookies.doExecute(RestTemplateWithCookies.java:63)
	at org.springframework.web.client.RestTemplate.execute(RestTemplate.java:704)
	at org.springframework.web.client.RestTemplate.postForEntity(RestTemplate.java:486)
	at com.enrsolidr.energyanalysis.services.LinkyDataService.getData(LinkyDataService.java:80)
	at com.enrsolidr.energyanalysis.services.LinkyComputeService.computePreviousDayEnergyUse(LinkyComputeService.java:47)
	at com.enrsolidr.energyanalysis.services.LinkyComputeService.computePreviousDayEnergyUse(LinkyComputeService.java:37)
	at com.enrsolidr.energyanalysis.services.LinkyScheduleService.computeEnergyUsage(LinkyScheduleService.java:36)
	at sun.reflect.GeneratedMethodAccessor62.invoke(Unknown Source)
	at sun.reflect.DelegatingMethodAccessorImpl.invoke(DelegatingMethodAccessorImpl.java:43)
	at java.lang.reflect.Method.invoke(Method.java:498)
	at org.springframework.scheduling.support.ScheduledMethodRunnable.run(ScheduledMethodRunnable.java:65)
	at org.springframework.scheduling.support.DelegatingErrorHandlingRunnable.run(DelegatingErrorHandlingRunnable.java:54)
	at org.springframework.scheduling.concurrent.ReschedulingRunnable.run(ReschedulingRunnable.java:93)
	at java.util.concurrent.Executors$RunnableAdapter.call(Executors.java:511)
	at java.util.concurrent.FutureTask.run$$$capture(FutureTask.java:266)
	at java.util.concurrent.FutureTask.run(FutureTask.java)
	at java.util.concurrent.ScheduledThreadPoolExecutor$ScheduledFutureTask.access$201(ScheduledThreadPoolExecutor.java:180)
	at java.util.concurrent.ScheduledThreadPoolExecutor$ScheduledFutureTask.run(ScheduledThreadPoolExecutor.java:293)
	at java.util.concurrent.ThreadPoolExecutor.runWorker(ThreadPoolExecutor.java:1142)
	at java.util.concurrent.ThreadPoolExecutor$Worker.run(ThreadPoolExecutor.java:617)
	at java.lang.Thread.run(Thread.java:745)

2018-05-26 17:27:06.096  INFO 57759 --- [http-nio-8761-exec-3] c.e.energyanalysis.web.MemberController  : Update member : {}
2018-05-26 17:27:17.243 ERROR 57759 --- [pool-2-thread-1] c.e.e.services.LinkyScheduleService      : Error occured fetching energy use for member : jscreve

org.springframework.web.client.HttpClientErrorException: 403 Forbidden
	at org.springframework.web.client.DefaultResponseErrorHandler.handleError(DefaultResponseErrorHandler.java:94)
	at org.springframework.web.client.DefaultResponseErrorHandler.handleError(DefaultResponseErrorHandler.java:79)
	at org.springframework.web.client.ResponseErrorHandler.handleError(ResponseErrorHandler.java:63)
	at org.springframework.web.client.RestTemplate.handleResponse(RestTemplate.java:777)
	at org.springframework.web.client.RestTemplate.doExecute(RestTemplate.java:730)
	at com.enrsolidr.energyanalysis.util.RestTemplateWithCookies.doExecute(RestTemplateWithCookies.java:63)
	at org.springframework.web.client.RestTemplate.execute(RestTemplate.java:704)
	at org.springframework.web.client.RestTemplate.postForEntity(RestTemplate.java:486)
	at com.enrsolidr.energyanalysis.services.LinkyDataService.getData(LinkyDataService.java:80)
	at com.enrsolidr.energyanalysis.services.LinkyComputeService.computePreviousDayEnergyUse(LinkyComputeService.java:47)
	at com.enrsolidr.energyanalysis.services.LinkyComputeService.computePreviousDayEnergyUse(LinkyComputeService.java:37)
	at com.enrsolidr.energyanalysis.services.LinkyScheduleService.computeEnergyUsage(LinkyScheduleService.java:36)
	at sun.reflect.GeneratedMethodAccessor62.invoke(Unknown Source)
	at sun.reflect.DelegatingMethodAccessorImpl.invoke(DelegatingMethodAccessorImpl.java:43)
	at java.lang.reflect.Method.invoke(Method.java:498)
	at org.springframework.scheduling.support.ScheduledMethodRunnable.run(ScheduledMethodRunnable.java:65)
	at org.springframework.scheduling.support.DelegatingErrorHandlingRunnable.run(DelegatingErrorHandlingRunnable.java:54)
	at org.springframework.scheduling.concurrent.ReschedulingRunnable.run(ReschedulingRunnable.java:93)
	at java.util.concurrent.Executors$RunnableAdapter.call(Executors.java:511)
	at java.util.concurrent.FutureTask.run$$$capture(FutureTask.java:266)
	at java.util.concurrent.FutureTask.run(FutureTask.java)
	at java.util.concurrent.ScheduledThreadPoolExecutor$ScheduledFutureTask.access$201(ScheduledThreadPoolExecutor.java:180)
	at java.util.concurrent.ScheduledThreadPoolExecutor$ScheduledFutureTask.run(ScheduledThreadPoolExecutor.java:293)
	at java.util.concurrent.ThreadPoolExecutor.runWorker(ThreadPoolExecutor.java:1142)
	at java.util.concurrent.ThreadPoolExecutor$Worker.run(ThreadPoolExecutor.java:617)
	at java.lang.Thread.run(Thread.java:745)

2018-05-26 17:29:00.197  INFO 57759 --- [http-nio-8761-exec-6] c.e.energyanalysis.web.MemberController  : Get member : {}
2018-05-26 17:34:19.844  INFO 57759 --- [http-nio-8761-exec-7] c.e.energyanalysis.web.MemberController  : Update member : {}
2018-05-26 17:34:35.148  INFO 57759 --- [http-nio-8761-exec-10] c.e.energyanalysis.web.MemberController  : Get member : {}
2018-05-26 17:34:40.794  INFO 57759 --- [http-nio-8761-exec-1] c.e.energyanalysis.web.MemberController  : Get member : {}
2018-05-26 17:36:33.549  INFO 57759 --- [http-nio-8761-exec-3] c.e.energyanalysis.web.MemberController  : Update member : {}
2018-05-26 17:40:22.598  WARN 57759 --- [HikariPool-1 housekeeper] com.zaxxer.hikari.pool.HikariPool        : HikariPool-1 - Thread starvation or clock leap detected (housekeeper delta=3m58s92ms).
2018-05-26 17:40:22.633  INFO 57759 --- [http-nio-8761-exec-5] c.e.energyanalysis.web.MemberController  : Get member : {}
2018-05-26 17:40:22.636  INFO 57759 --- [http-nio-8761-exec-6] c.e.energyanalysis.web.MemberController  : Update member : {}
2018-05-26 17:40:34.557 ERROR 57759 --- [pool-2-thread-1] c.e.e.services.LinkyScheduleService      : Error occured fetching energy use for member : jscreve

org.springframework.mail.MailSendException: Mail server connection failed; nested exception is javax.mail.MessagingException: Could not connect to SMTP host: smtp.gmail.com, port: 465;
  nested exception is:
	javax.net.ssl.SSLHandshakeException: Remote host closed connection during handshake. Failed messages: javax.mail.MessagingException: Could not connect to SMTP host: smtp.gmail.com, port: 465;
  nested exception is:
	javax.net.ssl.SSLHandshakeException: Remote host closed connection during handshake
	at org.springframework.mail.javamail.JavaMailSenderImpl.doSend(JavaMailSenderImpl.java:446)
	at org.springframework.mail.javamail.JavaMailSenderImpl.send(JavaMailSenderImpl.java:321)
	at org.springframework.mail.javamail.JavaMailSenderImpl.send(JavaMailSenderImpl.java:310)
	at com.enrsolidr.energyanalysis.services.EmailService.sendSimpleMessage(EmailService.java:27)
	at com.enrsolidr.energyanalysis.services.LinkyScheduleService.computeEnergyUsage(LinkyScheduleService.java:44)
	at sun.reflect.GeneratedMethodAccessor62.invoke(Unknown Source)
	at sun.reflect.DelegatingMethodAccessorImpl.invoke(DelegatingMethodAccessorImpl.java:43)
	at java.lang.reflect.Method.invoke(Method.java:498)
	at org.springframework.scheduling.support.ScheduledMethodRunnable.run(ScheduledMethodRunnable.java:65)
	at org.springframework.scheduling.support.DelegatingErrorHandlingRunnable.run(DelegatingErrorHandlingRunnable.java:54)
	at org.springframework.scheduling.concurrent.ReschedulingRunnable.run(ReschedulingRunnable.java:93)
	at java.util.concurrent.Executors$RunnableAdapter.call(Executors.java:511)
	at java.util.concurrent.FutureTask.run$$$capture(FutureTask.java:266)
	at java.util.concurrent.FutureTask.run(FutureTask.java)
	at java.util.concurrent.ScheduledThreadPoolExecutor$ScheduledFutureTask.access$201(ScheduledThreadPoolExecutor.java:180)
	at java.util.concurrent.ScheduledThreadPoolExecutor$ScheduledFutureTask.run(ScheduledThreadPoolExecutor.java:293)
	at java.util.concurrent.ThreadPoolExecutor.runWorker(ThreadPoolExecutor.java:1142)
	at java.util.concurrent.ThreadPoolExecutor$Worker.run(ThreadPoolExecutor.java:617)
	at java.lang.Thread.run(Thread.java:745)
Caused by: javax.mail.MessagingException: Could not connect to SMTP host: smtp.gmail.com, port: 465
	at com.sun.mail.smtp.SMTPTransport.openServer(SMTPTransport.java:2211)
	at com.sun.mail.smtp.SMTPTransport.protocolConnect(SMTPTransport.java:740)
	at javax.mail.Service.connect(Service.java:366)
	at org.springframework.mail.javamail.JavaMailSenderImpl.connectTransport(JavaMailSenderImpl.java:515)
	at org.springframework.mail.javamail.JavaMailSenderImpl.doSend(JavaMailSenderImpl.java:435)
	... 18 common frames omitted
Caused by: javax.net.ssl.SSLHandshakeException: Remote host closed connection during handshake
	at sun.security.ssl.SSLSocketImpl.readRecord(SSLSocketImpl.java:992)
	at sun.security.ssl.SSLSocketImpl.performInitialHandshake(SSLSocketImpl.java:1375)
	at sun.security.ssl.SSLSocketImpl.startHandshake(SSLSocketImpl.java:1403)
	at sun.security.ssl.SSLSocketImpl.startHandshake(SSLSocketImpl.java:1387)
	at com.sun.mail.util.SocketFetcher.configureSSLSocket(SocketFetcher.java:620)
	at com.sun.mail.util.SocketFetcher.createSocket(SocketFetcher.java:394)
	at com.sun.mail.util.SocketFetcher.getSocket(SocketFetcher.java:239)
	at com.sun.mail.smtp.SMTPTransport.openServer(SMTPTransport.java:2175)
	... 22 common frames omitted
Caused by: java.io.EOFException: SSL peer shut down incorrectly
	at sun.security.ssl.InputRecord.read(InputRecord.java:505)
	at sun.security.ssl.SSLSocketImpl.readRecord(SSLSocketImpl.java:973)
	... 29 common frames omitted

2018-05-26 17:41:17.667 ERROR 57759 --- [pool-2-thread-1] c.e.e.services.LinkyScheduleService      : Error occured fetching energy use for member : jscreve

org.springframework.web.client.HttpClientErrorException: 403 Forbidden
	at org.springframework.web.client.DefaultResponseErrorHandler.handleError(DefaultResponseErrorHandler.java:94)
	at org.springframework.web.client.DefaultResponseErrorHandler.handleError(DefaultResponseErrorHandler.java:79)
	at org.springframework.web.client.ResponseErrorHandler.handleError(ResponseErrorHandler.java:63)
	at org.springframework.web.client.RestTemplate.handleResponse(RestTemplate.java:777)
	at org.springframework.web.client.RestTemplate.doExecute(RestTemplate.java:730)
	at com.enrsolidr.energyanalysis.util.RestTemplateWithCookies.doExecute(RestTemplateWithCookies.java:63)
	at org.springframework.web.client.RestTemplate.execute(RestTemplate.java:704)
	at org.springframework.web.client.RestTemplate.postForEntity(RestTemplate.java:486)
	at com.enrsolidr.energyanalysis.services.LinkyDataService.getData(LinkyDataService.java:80)
	at com.enrsolidr.energyanalysis.services.LinkyComputeService.computePreviousDayEnergyUse(LinkyComputeService.java:47)
	at com.enrsolidr.energyanalysis.services.LinkyComputeService.computePreviousDayEnergyUse(LinkyComputeService.java:37)
	at com.enrsolidr.energyanalysis.services.LinkyScheduleService.computeEnergyUsage(LinkyScheduleService.java:36)
	at sun.reflect.GeneratedMethodAccessor62.invoke(Unknown Source)
	at sun.reflect.DelegatingMethodAccessorImpl.invoke(DelegatingMethodAccessorImpl.java:43)
	at java.lang.reflect.Method.invoke(Method.java:498)
	at org.springframework.scheduling.support.ScheduledMethodRunnable.run(ScheduledMethodRunnable.java:65)
	at org.springframework.scheduling.support.DelegatingErrorHandlingRunnable.run(DelegatingErrorHandlingRunnable.java:54)
	at org.springframework.scheduling.concurrent.ReschedulingRunnable.run(ReschedulingRunnable.java:93)
	at java.util.concurrent.Executors$RunnableAdapter.call(Executors.java:511)
	at java.util.concurrent.FutureTask.run$$$capture(FutureTask.java:266)
	at java.util.concurrent.FutureTask.run(FutureTask.java)
	at java.util.concurrent.ScheduledThreadPoolExecutor$ScheduledFutureTask.access$201(ScheduledThreadPoolExecutor.java:180)
	at java.util.concurrent.ScheduledThreadPoolExecutor$ScheduledFutureTask.run(ScheduledThreadPoolExecutor.java:293)
	at java.util.concurrent.ThreadPoolExecutor.runWorker(ThreadPoolExecutor.java:1142)
	at java.util.concurrent.ThreadPoolExecutor$Worker.run(ThreadPoolExecutor.java:617)
	at java.lang.Thread.run(Thread.java:745)

2018-05-26 17:41:47.155 ERROR 57759 --- [pool-2-thread-1] c.e.e.services.LinkyScheduleService      : Error occured fetching energy use for member : jscreve

org.springframework.web.client.HttpClientErrorException: 403 Forbidden
	at org.springframework.web.client.DefaultResponseErrorHandler.handleError(DefaultResponseErrorHandler.java:94)
	at org.springframework.web.client.DefaultResponseErrorHandler.handleError(DefaultResponseErrorHandler.java:79)
	at org.springframework.web.client.ResponseErrorHandler.handleError(ResponseErrorHandler.java:63)
	at org.springframework.web.client.RestTemplate.handleResponse(RestTemplate.java:777)
	at org.springframework.web.client.RestTemplate.doExecute(RestTemplate.java:730)
	at com.enrsolidr.energyanalysis.util.RestTemplateWithCookies.doExecute(RestTemplateWithCookies.java:63)
	at org.springframework.web.client.RestTemplate.execute(RestTemplate.java:704)
	at org.springframework.web.client.RestTemplate.postForEntity(RestTemplate.java:486)
	at com.enrsolidr.energyanalysis.services.LinkyDataService.getData(LinkyDataService.java:80)
	at com.enrsolidr.energyanalysis.services.LinkyComputeService.computePreviousDayEnergyUse(LinkyComputeService.java:47)
	at com.enrsolidr.energyanalysis.services.LinkyComputeService.computePreviousDayEnergyUse(LinkyComputeService.java:37)
	at com.enrsolidr.energyanalysis.services.LinkyScheduleService.computeEnergyUsage(LinkyScheduleService.java:36)
	at sun.reflect.GeneratedMethodAccessor62.invoke(Unknown Source)
	at sun.reflect.DelegatingMethodAccessorImpl.invoke(DelegatingMethodAccessorImpl.java:43)
	at java.lang.reflect.Method.invoke(Method.java:498)
	at org.springframework.scheduling.support.ScheduledMethodRunnable.run(ScheduledMethodRunnable.java:65)
	at org.springframework.scheduling.support.DelegatingErrorHandlingRunnable.run(DelegatingErrorHandlingRunnable.java:54)
	at org.springframework.scheduling.concurrent.ReschedulingRunnable.run(ReschedulingRunnable.java:93)
	at java.util.concurrent.Executors$RunnableAdapter.call(Executors.java:511)
	at java.util.concurrent.FutureTask.run$$$capture(FutureTask.java:266)
	at java.util.concurrent.FutureTask.run(FutureTask.java)
	at java.util.concurrent.ScheduledThreadPoolExecutor$ScheduledFutureTask.access$201(ScheduledThreadPoolExecutor.java:180)
	at java.util.concurrent.ScheduledThreadPoolExecutor$ScheduledFutureTask.run(ScheduledThreadPoolExecutor.java:293)
	at java.util.concurrent.ThreadPoolExecutor.runWorker(ThreadPoolExecutor.java:1142)
	at java.util.concurrent.ThreadPoolExecutor$Worker.run(ThreadPoolExecutor.java:617)
	at java.lang.Thread.run(Thread.java:745)

2018-05-26 17:41:54.528  INFO 57759 --- [http-nio-8761-exec-10] c.e.energyanalysis.web.MemberController  : Update member : {}
2018-05-26 17:42:51.282 ERROR 57759 --- [pool-2-thread-1] c.e.e.services.LinkyScheduleService      : Error occured fetching energy use for member : jscreve

org.springframework.web.client.HttpClientErrorException: 403 Forbidden
	at org.springframework.web.client.DefaultResponseErrorHandler.handleError(DefaultResponseErrorHandler.java:94)
	at org.springframework.web.client.DefaultResponseErrorHandler.handleError(DefaultResponseErrorHandler.java:79)
	at org.springframework.web.client.ResponseErrorHandler.handleError(ResponseErrorHandler.java:63)
	at org.springframework.web.client.RestTemplate.handleResponse(RestTemplate.java:777)
	at org.springframework.web.client.RestTemplate.doExecute(RestTemplate.java:730)
	at com.enrsolidr.energyanalysis.util.RestTemplateWithCookies.doExecute(RestTemplateWithCookies.java:63)
	at org.springframework.web.client.RestTemplate.execute(RestTemplate.java:704)
	at org.springframework.web.client.RestTemplate.postForEntity(RestTemplate.java:486)
	at com.enrsolidr.energyanalysis.services.LinkyDataService.getData(LinkyDataService.java:80)
	at com.enrsolidr.energyanalysis.services.LinkyComputeService.computePreviousDayEnergyUse(LinkyComputeService.java:47)
	at com.enrsolidr.energyanalysis.services.LinkyComputeService.computePreviousDayEnergyUse(LinkyComputeService.java:37)
	at com.enrsolidr.energyanalysis.services.LinkyScheduleService.computeEnergyUsage(LinkyScheduleService.java:36)
	at sun.reflect.GeneratedMethodAccessor62.invoke(Unknown Source)
	at sun.reflect.DelegatingMethodAccessorImpl.invoke(DelegatingMethodAccessorImpl.java:43)
	at java.lang.reflect.Method.invoke(Method.java:498)
	at org.springframework.scheduling.support.ScheduledMethodRunnable.run(ScheduledMethodRunnable.java:65)
	at org.springframework.scheduling.support.DelegatingErrorHandlingRunnable.run(DelegatingErrorHandlingRunnable.java:54)
	at org.springframework.scheduling.concurrent.ReschedulingRunnable.run(ReschedulingRunnable.java:93)
	at java.util.concurrent.Executors$RunnableAdapter.call(Executors.java:511)
	at java.util.concurrent.FutureTask.run$$$capture(FutureTask.java:266)
	at java.util.concurrent.FutureTask.run(FutureTask.java)
	at java.util.concurrent.ScheduledThreadPoolExecutor$ScheduledFutureTask.access$201(ScheduledThreadPoolExecutor.java:180)
	at java.util.concurrent.ScheduledThreadPoolExecutor$ScheduledFutureTask.run(ScheduledThreadPoolExecutor.java:293)
	at java.util.concurrent.ThreadPoolExecutor.runWorker(ThreadPoolExecutor.java:1142)
	at java.util.concurrent.ThreadPoolExecutor$Worker.run(ThreadPoolExecutor.java:617)
	at java.lang.Thread.run(Thread.java:745)

2018-05-26 17:43:01.134  INFO 57759 --- [http-nio-8761-exec-2] c.e.energyanalysis.web.MemberController  : Update member : {}
2018-05-26 17:43:19.078  INFO 57759 --- [http-nio-8761-exec-4] c.e.energyanalysis.web.MemberController  : Get member : {}
2018-05-26 17:44:53.205  INFO 57759 --- [http-nio-8761-exec-6] c.e.energyanalysis.web.MemberController  : Get member : {}
2018-05-26 17:45:35.161  INFO 57759 --- [http-nio-8761-exec-8] c.e.energyanalysis.web.MemberController  : Get member : {}
2018-05-26 18:28:47.147  INFO 57759 --- [http-nio-8761-exec-1] c.e.energyanalysis.web.MemberController  : Get member : {}
2018-05-26 18:28:59.032  INFO 57759 --- [http-nio-8761-exec-2] c.e.energyanalysis.web.MemberController  : Get member : {}
2018-05-26 18:29:18.182  INFO 57759 --- [http-nio-8761-exec-4] c.e.energyanalysis.web.MemberController  : Update member : {}
2018-05-26 18:30:09.652  INFO 57759 --- [http-nio-8761-exec-5] c.e.energyanalysis.web.MemberController  : Get member : {}
2018-05-26 18:33:46.174  INFO 57759 --- [http-nio-8761-exec-6] c.e.energyanalysis.web.MemberController  : Get member : {}
